layer 1
  neuron 0 : [1.0279475197891108, -0.18039866617832392], threshold: 11.3925889623
---------------------------------
Back Propagation (Loop: 405)
---------------------------------
=================================
Neural Net Map
=================================
neural net printout:
layer 0
  neuron 0 : [-0.39725262623150326, -0.8602391480346498], threshold: 0
  neuron 1 : [-0.16426851080883842, 0.7416152579958843], threshold: 0
layer 1
  neuron 0 : [1.0279600889324685, -0.18039361301877407], threshold: 11.4891671987
---------------------------------
Back Propagation (Loop: 406)
---------------------------------
=================================
Neural Net Map
=================================
neural net printout:
layer 0
  neuron 0 : [-0.39725262623150326, -0.8602391480346498], threshold: 0
  neuron 1 : [-0.16426851080883842, 0.7416152579958843], threshold: 0
layer 1
  neuron 0 : [1.0279714143949918, -0.18038896454692635], threshold: 11.5857454351
---------------------------------
Back Propagation (Loop: 407)
---------------------------------
=================================
Neural Net Map
=================================
neural net printout:
layer 0
  neuron 0 : [-0.39725262623150326, -0.8602391480346498], threshold: 0
  neuron 1 : [-0.16426851080883842, 0.7416152579958843], threshold: 0
layer 1
  neuron 0 : [1.0279819683192555, -0.1803847807373793], threshold: 11.6823236715
---------------------------------
Back Propagation (Loop: 408)
---------------------------------
=================================
Neural Net Map
=================================
neural net printout:
layer 0
  neuron 0 : [-0.39725262623150326, -0.8602391480346498], threshold: 0
  neuron 1 : [-0.16426851080883842, 0.7416152579958843], threshold: 0
layer 1
  neuron 0 : [1.027991638016875, -0.18038089844390803], threshold: 11.7789019079
---------------------------------
Back Propagation (Loop: 409)
---------------------------------
=================================
Neural Net Map
=================================
neural net printout:
layer 0
  neuron 0 : [-0.39725262623150326, -0.8602391480346498], threshold: 0
  neuron 1 : [-0.16426851080883842, 0.7416152579958843], threshold: 0
layer 1
  neuron 0 : [1.0280000465287211, -0.1803773926947178], threshold: 11.8754801443
---------------------------------
Back Propagation (Loop: 410)
---------------------------------
=================================
Neural Net Map
=================================
neural net printout:
layer 0
  neuron 0 : [-0.39725262623150326, -0.8602391480346498], threshold: 0
  neuron 1 : [-0.16426851080883842, 0.7416152579958843], threshold: 0
layer 1
  neuron 0 : [1.027982668973706, -0.18038791869709347], threshold: 11.7105338828
---------------------------------
Back Propagation (Loop: 411)
---------------------------------
=================================
Neural Net Map
=================================
neural net printout:
layer 0
  neuron 0 : [-0.39725262623150326, -0.8602391480346498], threshold: 0
  neuron 1 : [-0.16426851080883842, 0.7416152579958843], threshold: 0
layer 1
  neuron 0 : [1.0279916265777729, -0.18038419509172313], threshold: 11.8071121192
---------------------------------
Back Propagation (Loop: 412)
---------------------------------
=================================
Neural Net Map
=================================
neural net printout:
layer 0
  neuron 0 : [-0.39725262623150326, -0.8602391480346498], threshold: 0
  neuron 1 : [-0.16426851080883842, 0.7416152579958843], threshold: 0
layer 1
  neuron 0 : [1.0280002614770327, -0.1803807301906465], threshold: 11.9036903556
---------------------------------
Back Propagation (Loop: 413)
---------------------------------
=================================
Neural Net Map
=================================
neural net printout:
layer 0
  neuron 0 : [-0.39725262623150326, -0.8602391480346498], threshold: 0
  neuron 1 : [-0.16426851080883842, 0.7416152579958843], threshold: 0
layer 1
  neuron 0 : [1.0280077689026845, -0.1803775587021816], threshold: 12.0002685919
---------------------------------
Back Propagation (Loop: 414)
---------------------------------
=================================
Neural Net Map
=================================
neural net printout:
layer 0
  neuron 0 : [-0.39725262623150326, -0.8602391480346498], threshold: 0
  neuron 1 : [-0.16426851080883842, 0.7416152579958843], threshold: 0
layer 1
  neuron 0 : [1.0280148925033112, -0.1803746413925501], threshold: 12.0968468283
---------------------------------
Back Propagation (Loop: 415)
---------------------------------
=================================
Neural Net Map
=================================
neural net printout:
layer 0
  neuron 0 : [-0.39725262623150326, -0.8602391480346498], threshold: 0
  neuron 1 : [-0.16426851080883842, 0.7416152579958843], threshold: 0
layer 1
  neuron 0 : [1.0280214470579834, -0.18037205248577276], threshold: 12.1934250647
---------------------------------
Back Propagation (Loop: 416)
---------------------------------
=================================
Neural Net Map
=================================
neural net printout:
layer 0
  neuron 0 : [-0.39725262623150326, -0.8602391480346498], threshold: 0
  neuron 1 : [-0.16426851080883842, 0.7416152579958843], threshold: 0
layer 1
  neuron 0 : [1.028008431405876, -0.18037984334505244], threshold: 12.0284788032
---------------------------------
Back Propagation (Loop: 417)
---------------------------------
=================================
Neural Net Map
=================================
neural net printout:
layer 0
  neuron 0 : [-0.39725262623150326, -0.8602391480346498], threshold: 0
  neuron 1 : [-0.16426851080883842, 0.7416152579958843], threshold: 0
layer 1
  neuron 0 : [1.0280154065840914, -0.18037712486043572], threshold: 12.1250570396
---------------------------------
Back Propagation (Loop: 418)
---------------------------------
=================================
Neural Net Map
=================================
neural net printout:
layer 0
  neuron 0 : [-0.39725262623150326, -0.8602391480346498], threshold: 0
  neuron 1 : [-0.16426851080883842, 0.7416152579958843], threshold: 0
layer 1
  neuron 0 : [1.028021874384772, -0.18037453307038798], threshold: 12.221635276
---------------------------------
Back Propagation (Loop: 419)
---------------------------------
=================================
Neural Net Map
=================================
neural net printout:
layer 0
  neuron 0 : [-0.39725262623150326, -0.8602391480346498], threshold: 0
  neuron 1 : [-0.16426851080883842, 0.7416152579958843], threshold: 0
layer 1
  neuron 0 : [1.0280276979706455, -0.18037215031368636], threshold: 12.3182135124
---------------------------------
Back Propagation (Loop: 420)
---------------------------------
=================================
Neural Net Map
=================================
neural net printout:
layer 0
  neuron 0 : [-0.39725262623150326, -0.8602391480346498], threshold: 0
  neuron 1 : [-0.16426851080883842, 0.7416152579958843], threshold: 0
layer 1
  neuron 0 : [1.0280329398220633, -0.18037005175692591], threshold: 12.4147917488
---------------------------------
Back Propagation (Loop: 421)
---------------------------------
=================================
Neural Net Map
=================================
neural net printout:
layer 0
  neuron 0 : [-0.39725262623150326, -0.8602391480346498], threshold: 0
  neuron 1 : [-0.16426851080883842, 0.7416152579958843], threshold: 0
layer 1
  neuron 0 : [1.0280376585798618, -0.18036809580624164], threshold: 12.5113699852
---------------------------------
Back Propagation (Loop: 422)
---------------------------------
=================================
Neural Net Map
=================================
neural net printout:
layer 0
  neuron 0 : [-0.39725262623150326, -0.8602391480346498], threshold: 0
  neuron 1 : [-0.16426851080883842, 0.7416152579958843], threshold: 0
layer 1
  neuron 0 : [1.0280422062778358, -0.18036630007615492], threshold: 12.6079482216
---------------------------------
Back Propagation (Loop: 423)
---------------------------------
=================================
Neural Net Map
=================================
neural net printout:
layer 0
  neuron 0 : [-0.39725262623150326, -0.8602391480346498], threshold: 0
  neuron 1 : [-0.16426851080883842, 0.7416152579958843], threshold: 0
layer 1
  neuron 0 : [1.0280461616221057, -0.1803646843695382], threshold: 12.704526458
---------------------------------
Back Propagation (Loop: 424)
---------------------------------
=================================
Neural Net Map
=================================
neural net printout:
layer 0
  neuron 0 : [-0.39725262623150326, -0.8602391480346498], threshold: 0
  neuron 1 : [-0.16426851080883842, 0.7416152579958843], threshold: 0
layer 1
  neuron 0 : [1.0280497780421844, -0.18036316113514086], threshold: 12.8011046944
---------------------------------
Back Propagation (Loop: 425)
---------------------------------
=================================
Neural Net Map
=================================
neural net printout:
layer 0
  neuron 0 : [-0.39725262623150326, -0.8602391480346498], threshold: 0
  neuron 1 : [-0.16426851080883842, 0.7416152579958843], threshold: 0
layer 1
  neuron 0 : [1.028053267383137, -0.18036176657362657], threshold: 12.8976829308
---------------------------------
Back Propagation (Loop: 426)
---------------------------------
=================================
Neural Net Map
=================================
neural net printout:
layer 0
  neuron 0 : [-0.39725262623150326, -0.8602391480346498], threshold: 0
  neuron 1 : [-0.16426851080883842, 0.7416152579958843], threshold: 0
layer 1
  neuron 0 : [1.0280465603806273, -0.1803658523746766], threshold: 12.7327366693
---------------------------------
Back Propagation (Loop: 427)
---------------------------------
=================================
Neural Net Map
=================================
neural net printout:
layer 0
  neuron 0 : [-0.39725262623150326, -0.8602391480346498], threshold: 0
  neuron 1 : [-0.16426851080883842, 0.7416152579958843], threshold: 0
layer 1
  neuron 0 : [1.028038937993169, -0.18037066545637], threshold: 12.5677904078
---------------------------------
Back Propagation (Loop: 428)
---------------------------------
=================================
Neural Net Map
=================================
neural net printout:
layer 0
  neuron 0 : [-0.39725262623150326, -0.8602391480346498], threshold: 0
  neuron 1 : [-0.16426851080883842, 0.7416152579958843], threshold: 0
layer 1
  neuron 0 : [1.028043257244367, -0.18036893769674214], threshold: 12.6643686442
---------------------------------
Back Propagation (Loop: 429)
---------------------------------
=================================
Neural Net Map
=================================
neural net printout:
layer 0
  neuron 0 : [-0.39725262623150326, -0.8602391480346498], threshold: 0
  neuron 1 : [-0.16426851080883842, 0.7416152579958843], threshold: 0
layer 1
  neuron 0 : [1.0280351430000692, -0.18037406236000317], threshold: 12.4994223827
---------------------------------
Back Propagation (Loop: 430)
---------------------------------
=================================
Neural Net Map
=================================
neural net printout:
layer 0
  neuron 0 : [-0.39725262623150326, -0.8602391480346498], threshold: 0
  neuron 1 : [-0.16426851080883842, 0.7416152579958843], threshold: 0
layer 1
  neuron 0 : [1.0280397214675863, -0.1803722343741307], threshold: 12.5960006191
---------------------------------
Back Propagation (Loop: 431)
---------------------------------
=================================
Neural Net Map
=================================
neural net printout:
layer 0
  neuron 0 : [-0.39725262623150326, -0.8602391480346498], threshold: 0
  neuron 1 : [-0.16426851080883842, 0.7416152579958843], threshold: 0
layer 1
  neuron 0 : [1.0280438789496105, -0.18037059573686215], threshold: 12.6925788555
---------------------------------
Back Propagation (Loop: 432)
---------------------------------
=================================
Neural Net Map
=================================
neural net printout:
layer 0
  neuron 0 : [-0.39725262623150326, -0.8602391480346498], threshold: 0
  neuron 1 : [-0.16426851080883842, 0.7416152579958843], threshold: 0
layer 1
  neuron 0 : [1.0280475510241136, -0.18036906697451607], threshold: 12.7891570919
---------------------------------
Back Propagation (Loop: 433)
---------------------------------
=================================
Neural Net Map
=================================
neural net printout:
layer 0
  neuron 0 : [-0.39725262623150326, -0.8602391480346498], threshold: 0
  neuron 1 : [-0.16426851080883842, 0.7416152579958843], threshold: 0
layer 1
  neuron 0 : [1.0280509554357846, -0.18036768222967428], threshold: 12.8857353282
---------------------------------
Back Propagation (Loop: 434)
---------------------------------
=================================
Neural Net Map
=================================
neural net printout:
layer 0
  neuron 0 : [-0.39725262623150326, -0.8602391480346498], threshold: 0
  neuron 1 : [-0.16426851080883842, 0.7416152579958843], threshold: 0
layer 1
  neuron 0 : [1.0280440380565434, -0.18037185761934513], threshold: 12.7207890667
---------------------------------
Back Propagation (Loop: 435)
---------------------------------
=================================
Neural Net Map
=================================
neural net printout:
layer 0
  neuron 0 : [-0.39725262623150326, -0.8602391480346498], threshold: 0
  neuron 1 : [-0.16426851080883842, 0.7416152579958843], threshold: 0
layer 1
  neuron 0 : [1.0280363319291488, -0.1803767775927755], threshold: 12.5558428052
---------------------------------
Back Propagation (Loop: 436)
---------------------------------
=================================
Neural Net Map
=================================
neural net printout:
layer 0
  neuron 0 : [-0.39725262623150326, -0.8602391480346498], threshold: 0
  neuron 1 : [-0.16426851080883842, 0.7416152579958843], threshold: 0
layer 1
  neuron 0 : [1.0280404802184724, -0.18037505902598058], threshold: 12.6524210416
---------------------------------
Back Propagation (Loop: 437)
---------------------------------
=================================
Neural Net Map
=================================
neural net printout:
layer 0
  neuron 0 : [-0.39725262623150326, -0.8602391480346498], threshold: 0
  neuron 1 : [-0.16426851080883842, 0.7416152579958843], threshold: 0
layer 1
  neuron 0 : [1.0280443383947637, -0.18037348895858754], threshold: 12.748999278
---------------------------------
Back Propagation (Loop: 438)
---------------------------------
=================================
Neural Net Map
=================================
neural net printout:
layer 0
  neuron 0 : [-0.39725262623150326, -0.8602391480346498], threshold: 0
  neuron 1 : [-0.16426851080883842, 0.7416152579958843], threshold: 0
layer 1
  neuron 0 : [1.0280479318065916, -0.1803719960323444], threshold: 12.8455775144
---------------------------------
Back Propagation (Loop: 439)
---------------------------------
=================================
Neural Net Map
=================================
neural net printout:
layer 0
  neuron 0 : [-0.39725262623150326, -0.8602391480346498], threshold: 0
  neuron 1 : [-0.16426851080883842, 0.7416152579958843], threshold: 0
layer 1
  neuron 0 : [1.0280511687965912, -0.18037070272182068], threshold: 12.9421557508
---------------------------------
Back Propagation (Loop: 440)
---------------------------------
=================================
Neural Net Map
=================================
neural net printout:
layer 0
  neuron 0 : [-0.39725262623150326, -0.8602391480346498], threshold: 0
  neuron 1 : [-0.16426851080883842, 0.7416152579958843], threshold: 0
layer 1
  neuron 0 : [1.0280541582564473, -0.18036949773124117], threshold: 13.0387339872
---------------------------------
Back Propagation (Loop: 441)
---------------------------------
=================================
Neural Net Map
=================================
neural net printout:
layer 0
  neuron 0 : [-0.39725262623150326, -0.8602391480346498], threshold: 0
  neuron 1 : [-0.16426851080883842, 0.7416152579958843], threshold: 0
layer 1
  neuron 0 : [1.0280569302276739, -0.18036842191177735], threshold: 13.1353122236
---------------------------------
Back Propagation (Loop: 442)
---------------------------------
=================================
Neural Net Map
=================================
neural net printout:
layer 0
  neuron 0 : [-0.39725262623150326, -0.8602391480346498], threshold: 0
  neuron 1 : [-0.16426851080883842, 0.7416152579958843], threshold: 0
layer 1
  neuron 0 : [1.0280593884355282, -0.18036737549157467], threshold: 13.23189046
---------------------------------
Back Propagation (Loop: 443)
---------------------------------
=================================
Neural Net Map
=================================
neural net printout:
layer 0
  neuron 0 : [-0.39725262623150326, -0.8602391480346498], threshold: 0
  neuron 1 : [-0.16426851080883842, 0.7416152579958843], threshold: 0
layer 1
  neuron 0 : [1.0280616595683776, -0.1803664693166194], threshold: 13.3284686964
---------------------------------
Back Propagation (Loop: 444)
---------------------------------
=================================
Neural Net Map
=================================
neural net printout:
layer 0
  neuron 0 : [-0.39725262623150326, -0.8602391480346498], threshold: 0
  neuron 1 : [-0.16426851080883842, 0.7416152579958843], threshold: 0
layer 1
  neuron 0 : [1.0280638107139413, -0.18036561118877975], threshold: 13.4250469328
---------------------------------
Back Propagation (Loop: 445)
---------------------------------
=================================
Neural Net Map
=================================
neural net printout:
layer 0
  neuron 0 : [-0.39725262623150326, -0.8602391480346498], threshold: 0
  neuron 1 : [-0.16426851080883842, 0.7416152579958843], threshold: 0
layer 1
  neuron 0 : [1.028059593322487, -0.1803681255606427], threshold: 13.2601006713
---------------------------------
Back Propagation (Loop: 446)
---------------------------------
=================================
Neural Net Map
=================================
neural net printout:
layer 0
  neuron 0 : [-0.39725262623150326, -0.8602391480346498], threshold: 0
  neuron 1 : [-0.16426851080883842, 0.7416152579958843], threshold: 0
layer 1
  neuron 0 : [1.0280618262852812, -0.1803672265286945], threshold: 13.3566789077
---------------------------------
Back Propagation (Loop: 447)
---------------------------------
=================================
Neural Net Map
=================================
neural net printout:
layer 0
  neuron 0 : [-0.39725262623150326, -0.8602391480346498], threshold: 0
  neuron 1 : [-0.16426851080883842, 0.7416152579958843], threshold: 0
layer 1
  neuron 0 : [1.0280639223715484, -0.18036639044507363], threshold: 13.4532571441
---------------------------------
Back Propagation (Loop: 448)
---------------------------------
=================================
Neural Net Map
=================================
neural net printout:
layer 0
  neuron 0 : [-0.39725262623150326, -0.8602391480346498], threshold: 0
  neuron 1 : [-0.16426851080883842, 0.7416152579958843], threshold: 0
layer 1
  neuron 0 : [1.0280658077473626, -0.18036562246367444], threshold: 13.5498353805
---------------------------------
Back Propagation (Loop: 449)
---------------------------------
=================================
Neural Net Map
=================================
neural net printout:
layer 0
  neuron 0 : [-0.39725262623150326, -0.8602391480346498], threshold: 0
  neuron 1 : [-0.16426851080883842, 0.7416152579958843], threshold: 0
layer 1
  neuron 0 : [1.028062122310463, -0.18036786339366903], threshold: 13.384889119
---------------------------------
Back Propagation (Loop: 450)
---------------------------------
=================================
Neural Net Map
=================================
neural net printout:
layer 0
  neuron 0 : [-0.39725262623150326, -0.8602391480346498], threshold: 0
  neuron 1 : [-0.16426851080883842, 0.7416152579958843], threshold: 0
layer 1
  neuron 0 : [1.028064076741588, -0.18036703204713342], threshold: 13.4814673554
---------------------------------
Back Propagation (Loop: 451)
---------------------------------
=================================
Neural Net Map
=================================
neural net printout:
layer 0
  neuron 0 : [-0.39725262623150326, -0.8602391480346498], threshold: 0
  neuron 1 : [-0.16426851080883842, 0.7416152579958843], threshold: 0
layer 1
  neuron 0 : [1.028065929986446, -0.18036631228209246], threshold: 13.5780455918
---------------------------------
Back Propagation (Loop: 452)
---------------------------------
=================================
Neural Net Map
=================================
neural net printout:
layer 0
  neuron 0 : [-0.39725262623150326, -0.8602391480346498], threshold: 0
  neuron 1 : [-0.16426851080883842, 0.7416152579958843], threshold: 0
layer 1
  neuron 0 : [1.028062339008391, -0.18036849560938714], threshold: 13.4130993302
---------------------------------
Back Propagation (Loop: 453)
---------------------------------
=================================
Neural Net Map
=================================
neural net printout:
layer 0
  neuron 0 : [-0.39725262623150326, -0.8602391480346498], threshold: 0
  neuron 1 : [-0.16426851080883842, 0.7416152579958843], threshold: 0
layer 1
  neuron 0 : [1.028058255337007, -0.18037106945184175], threshold: 13.2481530687
---------------------------------
Back Propagation (Loop: 454)
---------------------------------
=================================
Neural Net Map
=================================
neural net printout:
layer 0
  neuron 0 : [-0.39725262623150326, -0.8602391480346498], threshold: 0
  neuron 1 : [-0.16426851080883842, 0.7416152579958843], threshold: 0
layer 1
  neuron 0 : [1.028053392006728, -0.1803740290686942], threshold: 13.0832068072
---------------------------------
Back Propagation (Loop: 455)
---------------------------------
=================================
Neural Net Map
=================================
neural net printout:
layer 0
  neuron 0 : [-0.39725262623150326, -0.8602391480346498], threshold: 0
  neuron 1 : [-0.16426851080883842, 0.7416152579958843], threshold: 0
layer 1
  neuron 0 : [1.0280560752164505, -0.18037296013805257], threshold: 13.1797850436
---------------------------------
Back Propagation (Loop: 456)
---------------------------------
=================================
Neural Net Map
=================================
neural net printout:
layer 0
  neuron 0 : [-0.39725262623150326, -0.8602391480346498], threshold: 0
  neuron 1 : [-0.16426851080883842, 0.7416152579958843], threshold: 0
layer 1
  neuron 0 : [1.0280585106532751, -0.18037200239893117], threshold: 13.27636328
---------------------------------
Back Propagation (Loop: 457)
---------------------------------
=================================
Neural Net Map
=================================
neural net printout:
layer 0
  neuron 0 : [-0.39725262623150326, -0.8602391480346498], threshold: 0
  neuron 1 : [-0.16426851080883842, 0.7416152579958843], threshold: 0
layer 1
  neuron 0 : [1.0280607578621794, -0.1803711077721876], threshold: 13.3729415164
---------------------------------
Back Propagation (Loop: 458)
---------------------------------
=================================
Neural Net Map
=================================
neural net printout:
layer 0
  neuron 0 : [-0.39725262623150326, -0.8602391480346498], threshold: 0
  neuron 1 : [-0.16426851080883842, 0.7416152579958843], threshold: 0
layer 1
  neuron 0 : [1.0280627338830821, -0.1803702672140123], threshold: 13.4695197528
---------------------------------
Back Propagation (Loop: 459)
---------------------------------
=================================
Neural Net Map
=================================
neural net printout:
layer 0
  neuron 0 : [-0.39725262623150326, -0.8602391480346498], threshold: 0
  neuron 1 : [-0.16426851080883842, 0.7416152579958843], threshold: 0
layer 1
  neuron 0 : [1.0280645282532275, -0.1803695261779443], threshold: 13.5660979892
---------------------------------
Back Propagation (Loop: 460)
---------------------------------
=================================
Neural Net Map
=================================
neural net printout:
layer 0
  neuron 0 : [-0.39725262623150326, -0.8602391480346498], threshold: 0
  neuron 1 : [-0.16426851080883842, 0.7416152579958843], threshold: 0
layer 1
  neuron 0 : [1.028066191399148, -0.18036886480413247], threshold: 13.6626762256
---------------------------------
Back Propagation (Loop: 461)
---------------------------------
=================================
Neural Net Map
=================================
neural net printout:
layer 0
  neuron 0 : [-0.39725262623150326, -0.8602391480346498], threshold: 0
  neuron 1 : [-0.16426851080883842, 0.7416152579958843], threshold: 0
layer 1
  neuron 0 : [1.0280628022634655, -0.18037090579084028], threshold: 13.4977299641
---------------------------------
Back Propagation (Loop: 462)
---------------------------------
=================================
Neural Net Map
=================================
neural net printout:
layer 0
  neuron 0 : [-0.39725262623150326, -0.8602391480346498], threshold: 0
  neuron 1 : [-0.16426851080883842, 0.7416152579958843], threshold: 0
layer 1
  neuron 0 : [1.0280590244459655, -0.18037328634588026], threshold: 13.3327837026
---------------------------------
Back Propagation (Loop: 463)
---------------------------------
=================================
Neural Net Map
=================================
neural net printout:
layer 0
  neuron 0 : [-0.39725262623150326, -0.8602391480346498], threshold: 0
  neuron 1 : [-0.16426851080883842, 0.7416152579958843], threshold: 0
layer 1
  neuron 0 : [1.0280611131270003, -0.18037244562030857], threshold: 13.429361939
---------------------------------
Back Propagation (Loop: 464)
---------------------------------
=================================
Neural Net Map
=================================
neural net printout:
layer 0
  neuron 0 : [-0.39725262623150326, -0.8602391480346498], threshold: 0
  neuron 1 : [-0.16426851080883842, 0.7416152579958843], threshold: 0
layer 1
  neuron 0 : [1.0280629727052504, -0.18037166421335787], threshold: 13.5259401754
---------------------------------
Back Propagation (Loop: 465)
---------------------------------
=================================
Neural Net Map
=================================
neural net printout:
layer 0
  neuron 0 : [-0.39725262623150326, -0.8602391480346498], threshold: 0
  neuron 1 : [-0.16426851080883842, 0.7416152579958843], threshold: 0
layer 1
  neuron 0 : [1.0280646984901924, -0.18037097783958225], threshold: 13.6225184118
---------------------------------
Back Propagation (Loop: 466)
---------------------------------
=================================
Neural Net Map
=================================
neural net printout:
layer 0
  neuron 0 : [-0.39725262623150326, -0.8602391480346498], threshold: 0
  neuron 1 : [-0.16426851080883842, 0.7416152579958843], threshold: 0
layer 1
  neuron 0 : [1.0280611817052554, -0.18037309593499123], threshold: 13.4575721502
---------------------------------
Back Propagation (Loop: 467)
---------------------------------
=================================
Neural Net Map
=================================
neural net printout:
layer 0
  neuron 0 : [-0.39725262623150326, -0.8602391480346498], threshold: 0
  neuron 1 : [-0.16426851080883842, 0.7416152579958843], threshold: 0
layer 1
  neuron 0 : [1.0280630572498737, -0.18037231852837413], threshold: 13.5541503866
---------------------------------
Back Propagation (Loop: 468)
---------------------------------
=================================
Neural Net Map
=================================
neural net printout:
layer 0
  neuron 0 : [-0.39725262623150326, -0.8602391480346498], threshold: 0
  neuron 1 : [-0.16426851080883842, 0.7416152579958843], threshold: 0
layer 1
  neuron 0 : [1.0280647754460088, -0.18037161887637365], threshold: 13.650728623
---------------------------------
Back Propagation (Loop: 469)
---------------------------------
=================================
Neural Net Map
=================================
neural net printout:
layer 0
  neuron 0 : [-0.39725262623150326, -0.8602391480346498], threshold: 0
  neuron 1 : [-0.16426851080883842, 0.7416152579958843], threshold: 0
layer 1
  neuron 0 : [1.0280663342992256, -0.18037099208902208], threshold: 13.7473068594
---------------------------------
Back Propagation (Loop: 470)
---------------------------------
=================================
Neural Net Map
=================================
neural net printout:
layer 0
  neuron 0 : [-0.39725262623150326, -0.8602391480346498], threshold: 0
  neuron 1 : [-0.16426851080883842, 0.7416152579958843], threshold: 0
layer 1
  neuron 0 : [1.0280677912137173, -0.18037041299890666], threshold: 13.8438850958
---------------------------------
Back Propagation (Loop: 471)
---------------------------------
=================================
Neural Net Map
=================================
neural net printout:
layer 0
  neuron 0 : [-0.39725262623150326, -0.8602391480346498], threshold: 0
  neuron 1 : [-0.16426851080883842, 0.7416152579958843], threshold: 0
layer 1
  neuron 0 : [1.0280690717652592, -0.18036986900816876], threshold: 13.9404633322
---------------------------------
Back Propagation (Loop: 472)
---------------------------------
=================================
Neural Net Map
=================================
neural net printout:
layer 0
  neuron 0 : [-0.39725262623150326, -0.8602391480346498], threshold: 0
  neuron 1 : [-0.16426851080883842, 0.7416152579958843], threshold: 0
layer 1
  neuron 0 : [1.0280702494632163, -0.18036940124282877], threshold: 14.0370415686
---------------------------------
Back Propagation (Loop: 473)
---------------------------------
=================================
Neural Net Map
=================================
neural net printout:
layer 0
  neuron 0 : [-0.39725262623150326, -0.8602391480346498], threshold: 0
  neuron 1 : [-0.16426851080883842, 0.7416152579958843], threshold: 0
layer 1
  neuron 0 : [1.0280713312212655, -0.18036897074105745], threshold: 14.133619805
---------------------------------
Back Propagation (Loop: 474)
---------------------------------
=================================
Neural Net Map
=================================
neural net printout:
layer 0
  neuron 0 : [-0.39725262623150326, -0.8602391480346498], threshold: 0
  neuron 1 : [-0.16426851080883842, 0.7416152579958843], threshold: 0
layer 1
  neuron 0 : [1.028069136114893, -0.18037027688123206], threshold: 13.9686735435
---------------------------------
Back Propagation (Loop: 475)
---------------------------------
=================================
Neural Net Map
=================================
neural net printout:
layer 0
  neuron 0 : [-0.39725262623150326, -0.8602391480346498], threshold: 0
  neuron 1 : [-0.16426851080883842, 0.7416152579958843], threshold: 0
layer 1
  neuron 0 : [1.028066579947308, -0.1803717985253596], threshold: 13.803727282
---------------------------------
Back Propagation (Loop: 476)
---------------------------------
=================================
Neural Net Map
=================================
neural net printout:
layer 0
  neuron 0 : [-0.39725262623150326, -0.8602391480346498], threshold: 0
  neuron 1 : [-0.16426851080883842, 0.7416152579958843], threshold: 0
layer 1
  neuron 0 : [1.0280678971039638, -0.1803712531975967], threshold: 13.9003055184
---------------------------------
Back Propagation (Loop: 477)
---------------------------------
=================================
Neural Net Map
=================================
neural net printout:
layer 0
  neuron 0 : [-0.39725262623150326, -0.8602391480346498], threshold: 0
  neuron 1 : [-0.16426851080883842, 0.7416152579958843], threshold: 0
layer 1
  neuron 0 : [1.0280691244148472, -0.18037076456758866], threshold: 13.9968837548
---------------------------------
Back Propagation (Loop: 478)
---------------------------------
=================================
Neural Net Map
=================================
neural net printout:
layer 0
  neuron 0 : [-0.39725262623150326, -0.8602391480346498], threshold: 0
  neuron 1 : [-0.16426851080883842, 0.7416152579958843], threshold: 0
layer 1
  neuron 0 : [1.0280702865968403, -0.1803703080232084], threshold: 14.0934619912
---------------------------------
Back Propagation (Loop: 479)
---------------------------------
=================================
Neural Net Map
=================================
neural net printout:
layer 0
  neuron 0 : [-0.39725262623150326, -0.8602391480346498], threshold: 0
  neuron 1 : [-0.16426851080883842, 0.7416152579958843], threshold: 0
layer 1
  neuron 0 : [1.028068008550656, -0.18037166365666146], threshold: 13.9285157297
---------------------------------
Back Propagation (Loop: 480)
---------------------------------
=================================
Neural Net Map
=================================
neural net printout:
layer 0
  neuron 0 : [-0.39725262623150326, -0.8602391480346498], threshold: 0
  neuron 1 : [-0.16426851080883842, 0.7416152579958843], threshold: 0
layer 1
  neuron 0 : [1.0280692310652713, -0.1803711841506185], threshold: 14.0250939661
---------------------------------
Back Propagation (Loop: 481)
---------------------------------
=================================
Neural Net Map
=================================
neural net printout:
layer 0
  neuron 0 : [-0.39725262623150326, -0.8602391480346498], threshold: 0
  neuron 1 : [-0.16426851080883842, 0.7416152579958843], threshold: 0
layer 1
  neuron 0 : [1.028066907650764, -0.1803726625881725], threshold: 13.8601477046
---------------------------------
Back Propagation (Loop: 482)
---------------------------------
=================================
Neural Net Map
=================================
neural net printout:
layer 0
  neuron 0 : [-0.39725262623150326, -0.8602391480346498], threshold: 0
  neuron 1 : [-0.16426851080883842, 0.7416152579958843], threshold: 0
layer 1
  neuron 0 : [1.0280681812903534, -0.18037215545072569], threshold: 13.956725941
---------------------------------
Back Propagation (Loop: 483)
---------------------------------
=================================
Neural Net Map
=================================
neural net printout:
layer 0
  neuron 0 : [-0.39725262623150326, -0.8602391480346498], threshold: 0
  neuron 1 : [-0.16426851080883842, 0.7416152579958843], threshold: 0
layer 1
  neuron 0 : [1.0280693723863015, -0.18037168831125672], threshold: 14.0533041774
---------------------------------
Back Propagation (Loop: 484)
---------------------------------
=================================
Neural Net Map
=================================
neural net printout:
layer 0
  neuron 0 : [-0.39725262623150326, -0.8602391480346498], threshold: 0
  neuron 1 : [-0.16426851080883842, 0.7416152579958843], threshold: 0
layer 1
  neuron 0 : [1.0280704366671407, -0.18037125714087895], threshold: 14.1498824137
---------------------------------
Back Propagation (Loop: 485)
---------------------------------
=================================
Neural Net Map
=================================
neural net printout:
layer 0
  neuron 0 : [-0.39725262623150326, -0.8602391480346498], threshold: 0
  neuron 1 : [-0.16426851080883842, 0.7416152579958843], threshold: 0
layer 1
  neuron 0 : [1.028071394676203, -0.1803708623220083], threshold: 14.2464606501
---------------------------------
Back Propagation (Loop: 486)
---------------------------------
=================================
Neural Net Map
=================================
neural net printout:
layer 0
  neuron 0 : [-0.39725262623150326, -0.8602391480346498], threshold: 0
  neuron 1 : [-0.16426851080883842, 0.7416152579958843], threshold: 0
layer 1
  neuron 0 : [1.028072282328686, -0.1803705100878813], threshold: 14.3430388865
---------------------------------
Back Propagation (Loop: 487)
---------------------------------
=================================
Neural Net Map
=================================
neural net printout:
layer 0
  neuron 0 : [-0.39725262623150326, -0.8602391480346498], threshold: 0
  neuron 1 : [-0.16426851080883842, 0.7416152579958843], threshold: 0
layer 1
  neuron 0 : [1.0280731158226952, -0.18037018359729884], threshold: 14.4396171229
---------------------------------
Back Propagation (Loop: 488)
---------------------------------
=================================
Neural Net Map
=================================
neural net printout:
layer 0
  neuron 0 : [-0.39725262623150326, -0.8602391480346498], threshold: 0
  neuron 1 : [-0.16426851080883842, 0.7416152579958843], threshold: 0
layer 1
  neuron 0 : [1.0280738744542512, -0.18036987550222963], threshold: 14.5361953593
propagate finished with 489 iterations and 0.198531 net error
ok, so my neural net has 0.30002200000000001090 rate of learning and 0.19900000000000001021 error threshhold
do you want to run some input on the neural net? (enter True or False): 1
which input do you want to use from the input patterns?(enter an int): 0
output:
[0.22140597148107244]


\done ..



ok .. liek ... do you want to save your neural net? (enter True or False): 1

ok .. liek ... what is your filename?: and_gate.dat

the line number it got saved at is: 0

ok .. liek  ... do you want to run some more input on the neural net? (enter True or False): 1
which input do you want to use from the input patterns?(enter an int): 1
output:
[0.4019726045614959]


\done ..



ok .. liek ... do you want to save your neural net? (enter True or False): 0

ok .. liek  ... do you want to run some more input on the neural net? (enter True or False): 1
which input do you want to use from the input patterns?(enter an int): 2
output:
[0.29728938319875686]


\done ..



ok .. liek ... do you want to save your neural net? (enter True or False): 0

ok .. liek  ... do you want to run some more input on the neural net? (enter True or False): 1
which input do you want to use from the input patterns?(enter an int): 3
output:
[0.5]


\done ..



ok .. liek ... do you want to save your neural net? (enter True or False): 0

ok .. liek  ... do you want to run some more input on the neural net? (enter True or False): 0

